<?xml version="1.0" encoding="UTF-8"?>
<testng-results skipped="0" failed="0" total="1" passed="1">
  <reporter-output>
  </reporter-output>
  <suite name="Suite" duration-ms="34" started-at="2020-02-27T07:33:59Z" finished-at="2020-02-27T07:33:59Z">
    <groups>
    </groups>
    <test name="Test" duration-ms="34" started-at="2020-02-27T07:33:59Z" finished-at="2020-02-27T07:33:59Z">
      <class name="testing.NewTest">
        <test-method status="PASS" signature="f()[pri:0, instance:testing.NewTest@6cd8737]" name="f" duration-ms="11" started-at="2020-02-27T13:03:59Z" finished-at="2020-02-27T13:03:59Z">
          <reporter-output>
          </reporter-output>
        </test-method> <!-- f -->
      </class> <!-- testing.NewTest -->
    </test> <!-- Test -->
  </suite> <!-- Suite -->
</testng-results>
