<?xml version="1.0" encoding="UTF-8"?>
<testng-results skipped="0" failed="0" ignored="0" total="1" passed="1">
  <reporter-output>
  </reporter-output>
  <suite name="Suite" duration-ms="93" started-at="2020-02-27T07:32:35Z" finished-at="2020-02-27T07:32:35Z">
    <groups>
    </groups>
    <test name="Test" duration-ms="93" started-at="2020-02-27T07:32:35Z" finished-at="2020-02-27T07:32:35Z">
      <class name="testing.NewTest">
        <test-method status="PASS" signature="f()[pri:0, instance:testing.NewTest@2a5ca609]" name="f" duration-ms="43" started-at="2020-02-27T13:02:35Z" finished-at="2020-02-27T13:02:35Z">
          <reporter-output>
          </reporter-output>
        </test-method> <!-- f -->
      </class> <!-- testing.NewTest -->
    </test> <!-- Test -->
  </suite> <!-- Suite -->
</testng-results>
